<?xml version="1.0" encoding="UTF-8"?>
<testsuite xmlns:xsi="http://www.w3.org/2001/XMLSchema-instance" xsi:noNamespaceSchemaLocation="https://maven.apache.org/surefire/maven-surefire-plugin/xsd/surefire-test-report.xsd" name="edu.school21.services.UsersServiceImplTest" time="0.064" tests="3" errors="0" skipped="0" failures="0">
  <properties>
[...]
</properties>
  <testcase name="incorrectLoginTest" classname="edu.school21.services.UsersServiceImplTest" time="0.011"/>
  <testcase name="incorrectPasswordTest" classname="edu.school21.services.UsersServiceImplTest" time="0.002"/>
  <testcase name="correctLoginAndPasswordTest" classname="edu.school21.services.UsersServiceImplTest" time="0.002"/>
</testsuite>